2025-06-16 17:34:22,161 - WARNING - [MacBook Pro - vovkes_ch44_2025-06-16_15.45.38.587.pcap]   - Anomalous Null Probe Request from e2:ae:f1:cb:50:5c (Count: 3)
2025-06-16 17:34:22,161 - WARNING - [MacBook Pro - vovkes_ch44_2025-06-16_15.45.38.587.pcap]   - RTS/CTS Flood (Count: 370)
2025-06-16 17:34:37,487 - WARNING - [MacBook Pro - vovkes_ch44_2025-06-16_14.48.18.290.pcap]   - Broadcast Storm (Count: 2964)
2025-06-16 17:34:37,488 - WARNING - [MacBook Pro - vovkes_ch44_2025-06-16_14.48.18.290.pcap]   - RTS/CTS Flood (Count: 4322)
2025-06-16 17:49:21,613 - WARNING - [MacBook Pro - vovkes_ch44_2025-06-16_15.45.38.587.pcap]   - Anomalous Null Probe Request from e2:ae:f1:cb:50:5c (Count: 3)
2025-06-16 17:49:21,614 - WARNING - [MacBook Pro - vovkes_ch44_2025-06-16_15.45.38.587.pcap]   - RTS/CTS Flood (Count: 370)
2025-06-16 17:49:38,832 - WARNING - [MacBook Pro - vovkes_ch44_2025-06-16_14.48.18.290.pcap]   - Broadcast Storm (Count: 2964)
2025-06-16 17:49:38,833 - WARNING - [MacBook Pro - vovkes_ch44_2025-06-16_14.48.18.290.pcap]   - RTS/CTS Flood (Count: 4322)
2025-06-16 17:51:10,252 - WARNING - [MacBook Pro - vovkes_ch44_2025-06-04_07.30.26.965.pcap]   - Anomalous Null Probe Request from 06:b6:bd:88:92:d6 (Count: 2)
2025-06-16 17:51:10,253 - WARNING - [MacBook Pro - vovkes_ch44_2025-06-04_07.30.26.965.pcap]   - Anomalous Null Probe Request from 26:4a:74:ab:08:07 (Count: 2)
2025-06-16 17:51:10,253 - WARNING - [MacBook Pro - vovkes_ch44_2025-06-04_07.30.26.965.pcap]   - Anomalous Null Probe Request from 3a:63:67:e8:49:7a (Count: 2)
2025-06-16 17:51:10,253 - WARNING - [MacBook Pro - vovkes_ch44_2025-06-04_07.30.26.965.pcap]   - Anomalous Null Probe Request from 46:ec:b0:ae:61:84 (Count: 2)
2025-06-16 17:51:10,254 - WARNING - [MacBook Pro - vovkes_ch44_2025-06-04_07.30.26.965.pcap]   - Anomalous Null Probe Request from 5e:33:ed:9d:11:8b (Count: 2)
2025-06-16 17:51:10,254 - WARNING - [MacBook Pro - vovkes_ch44_2025-06-04_07.30.26.965.pcap]   - Anomalous Null Probe Request from 66:b4:01:6b:7b:17 (Count: 2)
2025-06-16 17:51:10,254 - WARNING - [MacBook Pro - vovkes_ch44_2025-06-04_07.30.26.965.pcap]   - Anomalous Null Probe Request from 76:6b:01:26:65:7c (Count: 2)
2025-06-16 17:51:10,254 - WARNING - [MacBook Pro - vovkes_ch44_2025-06-04_07.30.26.965.pcap]   - Anomalous Null Probe Request from 8e:24:ec:b4:db:c7 (Count: 2)
2025-06-16 17:51:10,254 - WARNING - [MacBook Pro - vovkes_ch44_2025-06-04_07.30.26.965.pcap]   - Anomalous Null Probe Request from ae:9e:5e:e2:2c:28 (Count: 2)
2025-06-16 17:51:10,254 - WARNING - [MacBook Pro - vovkes_ch44_2025-06-04_07.30.26.965.pcap]   - Anomalous Null Probe Request from d2:b3:7f:7f:86:e5 (Count: 2)
2025-06-16 17:51:10,254 - WARNING - [MacBook Pro - vovkes_ch44_2025-06-04_07.30.26.965.pcap]   - Broadcast Storm (Count: 9454)
2025-06-16 17:51:10,254 - WARNING - [MacBook Pro - vovkes_ch44_2025-06-04_07.30.26.965.pcap]   - High Retransmissions (Jamming?) (Count: 1872)
2025-06-16 17:51:10,254 - WARNING - [MacBook Pro - vovkes_ch44_2025-06-04_07.30.26.965.pcap]   - RTS/CTS Flood (Count: 6173)
